Using pre-set license
Built from '2020.3/release' branch; Version is '2020.3.2f1 (8fd9074bf66c) revision 9427207'; Using compiler version '192528614'; Build Type 'Release'
OS: 'Windows 10 Home; OS build 19042.1415; Version 2009; 64bit' Language: 'pl' Physical Memory: 8048 MB
BatchMode: 1, IsHumanControllingUs: 0, StartBugReporterOnCrash: 0, Is64bit: 1, IsPro: 0

 COMMAND LINE ARGUMENTS:
C:\Program Files\Unity\Hub\Editor\2020.3.2f1\Editor\Unity.exe
-adb2
-batchMode
-noUpm
-name
AssetImportWorker0
-projectPath
C:/Users/USER2/Desktop/ROPE/PhysicalRope-main/SpaceGame/SpaceFlight
-logFile
Logs/AssetImportWorker0.log
-srvPort
49395
Successfully changed project path to: C:/Users/USER2/Desktop/ROPE/PhysicalRope-main/SpaceGame/SpaceFlight
C:/Users/USER2/Desktop/ROPE/PhysicalRope-main/SpaceGame/SpaceFlight
Using Asset Import Pipeline V2.
Refreshing native plugins compatible for Editor in 25.56 ms, found 0 plugins.
Preloading 0 native plugins for Editor in 0.00 ms.
Initialize engine version: 2020.3.2f1 (8fd9074bf66c)
[Subsystems] Discovering subsystems at path C:/Program Files/Unity/Hub/Editor/2020.3.2f1/Editor/Data/Resources/UnitySubsystems
[Subsystems] Discovering subsystems at path C:/Users/USER2/Desktop/ROPE/PhysicalRope-main/SpaceGame/SpaceFlight/Assets
GfxDevice: creating device client; threaded=0
Direct3D:
    Version:  Direct3D 11.0 [level 11.1]
    Renderer: NVIDIA GeForce MX150 (ID=0x1d10)
    Vendor:   
    VRAM:     1983 MB
    Driver:   27.21.14.5167
Initialize mono
Mono path[0] = 'C:/Program Files/Unity/Hub/Editor/2020.3.2f1/Editor/Data/Managed'
Mono path[1] = 'C:/Program Files/Unity/Hub/Editor/2020.3.2f1/Editor/Data/MonoBleedingEdge/lib/mono/unityjit'
Mono config path = 'C:/Program Files/Unity/Hub/Editor/2020.3.2f1/Editor/Data/MonoBleedingEdge/etc'
Using monoOptions --debugger-agent=transport=dt_socket,embedding=1,server=y,suspend=n,address=127.0.0.1:56740
Begin MonoManager ReloadAssembly
Registering precompiled unity dll's ...
Register platform support module: C:/Program Files/Unity/Hub/Editor/2020.3.2f1/Editor/Data/PlaybackEngines/WindowsStandaloneSupport/UnityEditor.WindowsStandalone.Extensions.dll
Registered in 0.007779 seconds.
Native extension for WindowsStandalone target not found
Refreshing native plugins compatible for Editor in 63.86 ms, found 0 plugins.
Preloading 0 native plugins for Editor in 0.00 ms.
Invoked RoslynAnalysisRunner static constructor.
RoslynAnalysisRunner will not be running.
RoslynAnalysisRunner has terminated.
Mono: successfully reloaded assembly
- Completed reload, in  4.549 seconds
Platform modules already initialized, skipping
Registering precompiled user dll's ...
Registered in 0.001648 seconds.
Begin MonoManager ReloadAssembly
Native extension for WindowsStandalone target not found
Refreshing native plugins compatible for Editor in 0.69 ms, found 0 plugins.
Preloading 0 native plugins for Editor in 0.00 ms.
Invoked RoslynAnalysisRunner static constructor.
RoslynAnalysisRunner will not be running.
RoslynAnalysisRunner has terminated.
Mono: successfully reloaded assembly
- Completed reload, in  7.736 seconds
Platform modules already initialized, skipping
========================================================================
Worker process is ready to serve import requests
Launched and connected shader compiler UnityShaderCompiler.exe after 0.51 seconds
Refreshing native plugins compatible for Editor in 0.56 ms, found 0 plugins.
Preloading 0 native plugins for Editor in 0.00 ms.
Unloading 1123 Unused Serialized files (Serialized files now loaded: 0)
System memory in use before: 57.2 MB.
System memory in use after: 57.3 MB.

Unloading 9 unused Assets to reduce memory usage. Loaded Objects now: 1566.
Total: 10.719400 ms (FindLiveObjects: 0.364900 ms CreateObjectMapping: 0.133200 ms MarkObjects: 10.047000 ms  DeleteObjects: 0.170900 ms)

========================================================================
Received Import Request.
  path: Assets/Scripts/FlyPlatform.cs
  artifactKey: Guid(ac25cda5969af7f45996b7a6291738bc) Importer(815301076,1909f56bfc062723c751e8b465ee728b)
Start importing Assets/Scripts/FlyPlatform.cs using Guid(ac25cda5969af7f45996b7a6291738bc) Importer(815301076,1909f56bfc062723c751e8b465ee728b)  -> (artifact id: '340de609696298620ddd9215675f5f36') in 0.115872 seconds
  Import took 0.123993 seconds .

========================================================================
Received Prepare
Registering precompiled user dll's ...
Registered in 0.001273 seconds.
Begin MonoManager ReloadAssembly
Native extension for WindowsStandalone target not found
Refreshing native plugins compatible for Editor in 0.43 ms, found 0 plugins.
Preloading 0 native plugins for Editor in 0.00 ms.
Invoked RoslynAnalysisRunner static constructor.
RoslynAnalysisRunner will not be running.
RoslynAnalysisRunner has terminated.
Mono: successfully reloaded assembly
- Completed reload, in  1.313 seconds
Platform modules already initialized, skipping
Refreshing native plugins compatible for Editor in 0.28 ms, found 0 plugins.
Preloading 0 native plugins for Editor in 0.00 ms.
Unloading 1116 Unused Serialized files (Serialized files now loaded: 0)
System memory in use before: 57.0 MB.
System memory in use after: 57.1 MB.

Unloading 4 unused Assets to reduce memory usage. Loaded Objects now: 1569.
Total: 2.396600 ms (FindLiveObjects: 0.212600 ms CreateObjectMapping: 0.059800 ms MarkObjects: 2.099900 ms  DeleteObjects: 0.021800 ms)

========================================================================
Received Import Request.
  Time since last request: 38.019474 seconds.
  path: Assets/Scripts/FlyingPlatform.cs
  artifactKey: Guid(bcefec5facdf9214bbc55a1267886c0a) Importer(815301076,1909f56bfc062723c751e8b465ee728b)
Start importing Assets/Scripts/FlyingPlatform.cs using Guid(bcefec5facdf9214bbc55a1267886c0a) Importer(815301076,1909f56bfc062723c751e8b465ee728b)  -> (artifact id: '789e99f28c8af02681d9a8b00b7d80b2') in 0.005974 seconds
  Import took 0.008543 seconds .

========================================================================
Received Import Request.
  Time since last request: 0.000910 seconds.
  path: Assets/Scripts/FlyingPlatform.cs
  artifactKey: Guid(bcefec5facdf9214bbc55a1267886c0a) Importer(815301076,1909f56bfc062723c751e8b465ee728b)
Start importing Assets/Scripts/FlyingPlatform.cs using Guid(bcefec5facdf9214bbc55a1267886c0a) Importer(815301076,1909f56bfc062723c751e8b465ee728b)  -> (artifact id: '789e99f28c8af02681d9a8b00b7d80b2') in 0.003765 seconds
  Import took 0.005930 seconds .

========================================================================
Received Prepare
Registering precompiled user dll's ...
Registered in 0.001372 seconds.
Begin MonoManager ReloadAssembly
Native extension for WindowsStandalone target not found
Refreshing native plugins compatible for Editor in 0.33 ms, found 0 plugins.
Preloading 0 native plugins for Editor in 0.00 ms.
Invoked RoslynAnalysisRunner static constructor.
RoslynAnalysisRunner will not be running.
RoslynAnalysisRunner has terminated.
Mono: successfully reloaded assembly
- Completed reload, in  1.935 seconds
Platform modules already initialized, skipping
Refreshing native plugins compatible for Editor in 0.55 ms, found 0 plugins.
Preloading 0 native plugins for Editor in 0.00 ms.
Unloading 1117 Unused Serialized files (Serialized files now loaded: 0)
System memory in use before: 57.1 MB.
System memory in use after: 57.2 MB.

Unloading 4 unused Assets to reduce memory usage. Loaded Objects now: 1573.
Total: 5.403800 ms (FindLiveObjects: 0.599300 ms CreateObjectMapping: 0.650000 ms MarkObjects: 4.113700 ms  DeleteObjects: 0.037700 ms)

========================================================================
Received Prepare
Registering precompiled user dll's ...
Registered in 0.001530 seconds.
Begin MonoManager ReloadAssembly
Native extension for WindowsStandalone target not found
Refreshing native plugins compatible for Editor in 0.30 ms, found 0 plugins.
Preloading 0 native plugins for Editor in 0.00 ms.
Invoked RoslynAnalysisRunner static constructor.
RoslynAnalysisRunner will not be running.
RoslynAnalysisRunner has terminated.
Mono: successfully reloaded assembly
- Completed reload, in  1.286 seconds
Platform modules already initialized, skipping
Refreshing native plugins compatible for Editor in 0.29 ms, found 0 plugins.
Preloading 0 native plugins for Editor in 0.00 ms.
Unloading 1117 Unused Serialized files (Serialized files now loaded: 0)
System memory in use before: 57.1 MB.
System memory in use after: 57.2 MB.

Unloading 4 unused Assets to reduce memory usage. Loaded Objects now: 1576.
Total: 2.351100 ms (FindLiveObjects: 0.241100 ms CreateObjectMapping: 0.062000 ms MarkObjects: 2.025900 ms  DeleteObjects: 0.020200 ms)

========================================================================
Received Import Request.
  Time since last request: 206.077512 seconds.
  path: Assets/Scripts/FlyingPlatform.cs
  artifactKey: Guid(bcefec5facdf9214bbc55a1267886c0a) Importer(815301076,1909f56bfc062723c751e8b465ee728b)
Start importing Assets/Scripts/FlyingPlatform.cs using Guid(bcefec5facdf9214bbc55a1267886c0a) Importer(815301076,1909f56bfc062723c751e8b465ee728b)  -> (artifact id: 'aedfc5cddaa65252e8cf34a78a125ca4') in 0.006280 seconds
  Import took 0.010077 seconds .

========================================================================
Received Prepare
Registering precompiled user dll's ...
Registered in 0.001465 seconds.
Begin MonoManager ReloadAssembly
Native extension for WindowsStandalone target not found
Refreshing native plugins compatible for Editor in 0.29 ms, found 0 plugins.
Preloading 0 native plugins for Editor in 0.00 ms.
Invoked RoslynAnalysisRunner static constructor.
RoslynAnalysisRunner will not be running.
RoslynAnalysisRunner has terminated.
Mono: successfully reloaded assembly
- Completed reload, in  1.425 seconds
Platform modules already initialized, skipping
Refreshing native plugins compatible for Editor in 0.26 ms, found 0 plugins.
Preloading 0 native plugins for Editor in 0.00 ms.
Unloading 1118 Unused Serialized files (Serialized files now loaded: 0)
System memory in use before: 57.1 MB.
System memory in use after: 57.2 MB.

Unloading 4 unused Assets to reduce memory usage. Loaded Objects now: 1580.
Total: 3.394200 ms (FindLiveObjects: 0.230100 ms CreateObjectMapping: 0.079200 ms MarkObjects: 3.057800 ms  DeleteObjects: 0.024300 ms)

========================================================================
Received Import Request.
  Time since last request: 42.159238 seconds.
  path: Assets/Scripts/Platform.cs
  artifactKey: Guid(5e09790f3634b144196445822be57ecc) Importer(815301076,1909f56bfc062723c751e8b465ee728b)
Start importing Assets/Scripts/Platform.cs using Guid(5e09790f3634b144196445822be57ecc) Importer(815301076,1909f56bfc062723c751e8b465ee728b)  -> (artifact id: 'd068acc770c5321c56c1faf795181cf6') in 0.008240 seconds
  Import took 0.016878 seconds .

========================================================================
Received Prepare
Registering precompiled user dll's ...
Registered in 0.001283 seconds.
Begin MonoManager ReloadAssembly
Native extension for WindowsStandalone target not found
Refreshing native plugins compatible for Editor in 0.28 ms, found 0 plugins.
Preloading 0 native plugins for Editor in 0.00 ms.
Invoked RoslynAnalysisRunner static constructor.
RoslynAnalysisRunner will not be running.
RoslynAnalysisRunner has terminated.
Mono: successfully reloaded assembly
- Completed reload, in  1.337 seconds
Platform modules already initialized, skipping
Refreshing native plugins compatible for Editor in 0.29 ms, found 0 plugins.
Preloading 0 native plugins for Editor in 0.00 ms.
Unloading 1117 Unused Serialized files (Serialized files now loaded: 0)
System memory in use before: 57.1 MB.
System memory in use after: 57.2 MB.

Unloading 4 unused Assets to reduce memory usage. Loaded Objects now: 1583.
Total: 2.461200 ms (FindLiveObjects: 0.192100 ms CreateObjectMapping: 0.047700 ms MarkObjects: 2.201200 ms  DeleteObjects: 0.018600 ms)

========================================================================
Received Import Request.
  Time since last request: 36.986578 seconds.
  path: Assets/Scripts/PlatformForFueling.cs
  artifactKey: Guid(b5b567d29e783cf458fe5ea6827df9e1) Importer(815301076,1909f56bfc062723c751e8b465ee728b)
Start importing Assets/Scripts/PlatformForFueling.cs using Guid(b5b567d29e783cf458fe5ea6827df9e1) Importer(815301076,1909f56bfc062723c751e8b465ee728b)  -> (artifact id: 'e19085f9903f599532960b12d9e4bfc0') in 0.011074 seconds
  Import took 0.014061 seconds .

========================================================================
Received Import Request.
  Time since last request: 0.026216 seconds.
  path: Assets/Scripts/PlatformForFueling.cs
  artifactKey: Guid(b5b567d29e783cf458fe5ea6827df9e1) Importer(815301076,1909f56bfc062723c751e8b465ee728b)
Start importing Assets/Scripts/PlatformForFueling.cs using Guid(b5b567d29e783cf458fe5ea6827df9e1) Importer(815301076,1909f56bfc062723c751e8b465ee728b)  -> (artifact id: 'e19085f9903f599532960b12d9e4bfc0') in 0.005045 seconds
  Import took 0.007474 seconds .

========================================================================
Received Prepare
Registering precompiled user dll's ...
Registered in 0.001712 seconds.
Begin MonoManager ReloadAssembly
Native extension for WindowsStandalone target not found
Refreshing native plugins compatible for Editor in 0.50 ms, found 0 plugins.
Preloading 0 native plugins for Editor in 0.00 ms.
Invoked RoslynAnalysisRunner static constructor.
RoslynAnalysisRunner will not be running.
RoslynAnalysisRunner has terminated.
Mono: successfully reloaded assembly
- Completed reload, in  1.339 seconds
Platform modules already initialized, skipping
Refreshing native plugins compatible for Editor in 0.28 ms, found 0 plugins.
Preloading 0 native plugins for Editor in 0.00 ms.
Unloading 1118 Unused Serialized files (Serialized files now loaded: 0)
System memory in use before: 57.1 MB.
System memory in use after: 57.2 MB.

Unloading 4 unused Assets to reduce memory usage. Loaded Objects now: 1587.
Total: 3.088300 ms (FindLiveObjects: 0.456900 ms CreateObjectMapping: 0.076200 ms MarkObjects: 2.523900 ms  DeleteObjects: 0.027800 ms)

========================================================================
Received Import Request.
  Time since last request: 10.998645 seconds.
  path: Assets/Scripts/Platform
  artifactKey: Guid(a977f50da84826245b8854e674616772) Importer(815301076,1909f56bfc062723c751e8b465ee728b)
Start importing Assets/Scripts/Platform using Guid(a977f50da84826245b8854e674616772) Importer(815301076,1909f56bfc062723c751e8b465ee728b)  -> (artifact id: '94e9d0983946f73f4c5f16252e9f8f7a') in 0.005434 seconds
  Import took 0.012846 seconds .

========================================================================
Received Import Request.
  Time since last request: 0.003818 seconds.
  path: Assets/Scripts/Platform
  artifactKey: Guid(a977f50da84826245b8854e674616772) Importer(815301076,1909f56bfc062723c751e8b465ee728b)
Start importing Assets/Scripts/Platform using Guid(a977f50da84826245b8854e674616772) Importer(815301076,1909f56bfc062723c751e8b465ee728b)  -> (artifact id: '94e9d0983946f73f4c5f16252e9f8f7a') in 0.004086 seconds
  Import took 0.006430 seconds .

========================================================================
Received Prepare
Registering precompiled user dll's ...
Registered in 0.001252 seconds.
Begin MonoManager ReloadAssembly
Native extension for WindowsStandalone target not found
Refreshing native plugins compatible for Editor in 0.28 ms, found 0 plugins.
Preloading 0 native plugins for Editor in 0.00 ms.
Invoked RoslynAnalysisRunner static constructor.
RoslynAnalysisRunner will not be running.
RoslynAnalysisRunner has terminated.
Mono: successfully reloaded assembly
- Completed reload, in  1.400 seconds
Platform modules already initialized, skipping
Refreshing native plugins compatible for Editor in 0.27 ms, found 0 plugins.
Preloading 0 native plugins for Editor in 0.00 ms.
Unloading 1118 Unused Serialized files (Serialized files now loaded: 0)
System memory in use before: 57.1 MB.
System memory in use after: 57.2 MB.

Unloading 4 unused Assets to reduce memory usage. Loaded Objects now: 1590.
Total: 2.488100 ms (FindLiveObjects: 0.197700 ms CreateObjectMapping: 0.054300 ms MarkObjects: 2.215300 ms  DeleteObjects: 0.019500 ms)

========================================================================
Received Import Request.
  Time since last request: 33.149868 seconds.
  path: Assets/Scripts/Platform/EndPlatform.cs
  artifactKey: Guid(30d6b6721b84cc7408b07d43f9a31a7e) Importer(815301076,1909f56bfc062723c751e8b465ee728b)
Start importing Assets/Scripts/Platform/EndPlatform.cs using Guid(30d6b6721b84cc7408b07d43f9a31a7e) Importer(815301076,1909f56bfc062723c751e8b465ee728b)  -> (artifact id: '9a30287cf08a3f8c0aa62a98c07b40fd') in 0.007023 seconds
  Import took 0.015077 seconds .

========================================================================
Received Import Request.
  Time since last request: 0.022845 seconds.
  path: Assets/Scripts/Platform/EndPlatform.cs
  artifactKey: Guid(30d6b6721b84cc7408b07d43f9a31a7e) Importer(815301076,1909f56bfc062723c751e8b465ee728b)
Start importing Assets/Scripts/Platform/EndPlatform.cs using Guid(30d6b6721b84cc7408b07d43f9a31a7e) Importer(815301076,1909f56bfc062723c751e8b465ee728b)  -> (artifact id: '9a30287cf08a3f8c0aa62a98c07b40fd') in 0.003851 seconds
  Import took 0.006239 seconds .

========================================================================
Received Prepare
Registering precompiled user dll's ...
Registered in 0.000958 seconds.
Begin MonoManager ReloadAssembly
Native extension for WindowsStandalone target not found
Refreshing native plugins compatible for Editor in 0.30 ms, found 0 plugins.
Preloading 0 native plugins for Editor in 0.00 ms.
Invoked RoslynAnalysisRunner static constructor.
RoslynAnalysisRunner will not be running.
RoslynAnalysisRunner has terminated.
Mono: successfully reloaded assembly
- Completed reload, in  1.369 seconds
Platform modules already initialized, skipping
Refreshing native plugins compatible for Editor in 0.28 ms, found 0 plugins.
Preloading 0 native plugins for Editor in 0.00 ms.
Unloading 1119 Unused Serialized files (Serialized files now loaded: 0)
System memory in use before: 57.2 MB.
System memory in use after: 57.3 MB.

Unloading 4 unused Assets to reduce memory usage. Loaded Objects now: 1594.
Total: 2.684000 ms (FindLiveObjects: 0.212600 ms CreateObjectMapping: 0.058700 ms MarkObjects: 2.386400 ms  DeleteObjects: 0.024300 ms)

========================================================================
Received Import Request.
  Time since last request: 21.861682 seconds.
  path: Assets/Scripts/Platform/FuelingPlatform.cs
  artifactKey: Guid(8fe67fb487403d14a98771efbe7a1124) Importer(815301076,1909f56bfc062723c751e8b465ee728b)
Start importing Assets/Scripts/Platform/FuelingPlatform.cs using Guid(8fe67fb487403d14a98771efbe7a1124) Importer(815301076,1909f56bfc062723c751e8b465ee728b)  -> (artifact id: 'be5f9160097c0a3a6ae9990722b7012a') in 0.006719 seconds
  Import took 0.010255 seconds .

========================================================================
Received Prepare
Registering precompiled user dll's ...
Registered in 0.001313 seconds.
Begin MonoManager ReloadAssembly
Native extension for WindowsStandalone target not found
Refreshing native plugins compatible for Editor in 0.29 ms, found 0 plugins.
Preloading 0 native plugins for Editor in 0.00 ms.
Invoked RoslynAnalysisRunner static constructor.
RoslynAnalysisRunner will not be running.
RoslynAnalysisRunner has terminated.
Mono: successfully reloaded assembly
- Completed reload, in  1.385 seconds
Platform modules already initialized, skipping
Refreshing native plugins compatible for Editor in 0.28 ms, found 0 plugins.
Preloading 0 native plugins for Editor in 0.00 ms.
Unloading 1120 Unused Serialized files (Serialized files now loaded: 0)
System memory in use before: 57.2 MB.
System memory in use after: 57.3 MB.

Unloading 4 unused Assets to reduce memory usage. Loaded Objects now: 1598.
Total: 2.513200 ms (FindLiveObjects: 0.173000 ms CreateObjectMapping: 0.050100 ms MarkObjects: 2.266700 ms  DeleteObjects: 0.022000 ms)

========================================================================
Received Prepare
Registering precompiled user dll's ...
Registered in 0.003015 seconds.
Begin MonoManager ReloadAssembly
Native extension for WindowsStandalone target not found
Refreshing native plugins compatible for Editor in 0.31 ms, found 0 plugins.
Preloading 0 native plugins for Editor in 0.00 ms.
Invoked RoslynAnalysisRunner static constructor.
RoslynAnalysisRunner will not be running.
RoslynAnalysisRunner has terminated.
Mono: successfully reloaded assembly
- Completed reload, in  1.713 seconds
Platform modules already initialized, skipping
Refreshing native plugins compatible for Editor in 0.26 ms, found 0 plugins.
Preloading 0 native plugins for Editor in 0.00 ms.
Unloading 1120 Unused Serialized files (Serialized files now loaded: 0)
System memory in use before: 57.2 MB.
System memory in use after: 57.3 MB.

Unloading 4 unused Assets to reduce memory usage. Loaded Objects now: 1601.
Total: 2.275600 ms (FindLiveObjects: 0.243000 ms CreateObjectMapping: 0.066400 ms MarkObjects: 1.944400 ms  DeleteObjects: 0.019500 ms)

========================================================================
Received Import Request.
  Time since last request: 140.853472 seconds.
  path: Assets/Scripts/Platform/FuelingPlatform.cs
  artifactKey: Guid(8fe67fb487403d14a98771efbe7a1124) Importer(815301076,1909f56bfc062723c751e8b465ee728b)
Start importing Assets/Scripts/Platform/FuelingPlatform.cs using Guid(8fe67fb487403d14a98771efbe7a1124) Importer(815301076,1909f56bfc062723c751e8b465ee728b)  -> (artifact id: '1dfb6c2a23a299b61a797c6013643bbe') in 0.007057 seconds
  Import took 0.014961 seconds .

========================================================================
Received Prepare
Registering precompiled user dll's ...
Registered in 0.001978 seconds.
Begin MonoManager ReloadAssembly
Native extension for WindowsStandalone target not found
Refreshing native plugins compatible for Editor in 0.48 ms, found 0 plugins.
Preloading 0 native plugins for Editor in 0.00 ms.
Invoked RoslynAnalysisRunner static constructor.
RoslynAnalysisRunner will not be running.
RoslynAnalysisRunner has terminated.
Mono: successfully reloaded assembly
- Completed reload, in  1.776 seconds
Platform modules already initialized, skipping
Refreshing native plugins compatible for Editor in 0.28 ms, found 0 plugins.
Preloading 0 native plugins for Editor in 0.00 ms.
Unloading 1119 Unused Serialized files (Serialized files now loaded: 0)
System memory in use before: 57.2 MB.
System memory in use after: 57.3 MB.

Unloading 4 unused Assets to reduce memory usage. Loaded Objects now: 1604.
Total: 2.831600 ms (FindLiveObjects: 0.215900 ms CreateObjectMapping: 0.062500 ms MarkObjects: 2.529900 ms  DeleteObjects: 0.021300 ms)

========================================================================
Received Prepare
Registering precompiled user dll's ...
Registered in 0.001328 seconds.
Begin MonoManager ReloadAssembly
Native extension for WindowsStandalone target not found
Refreshing native plugins compatible for Editor in 0.37 ms, found 0 plugins.
Preloading 0 native plugins for Editor in 0.00 ms.
Invoked RoslynAnalysisRunner static constructor.
RoslynAnalysisRunner will not be running.
RoslynAnalysisRunner has terminated.
Mono: successfully reloaded assembly
- Completed reload, in  2.247 seconds
Platform modules already initialized, skipping
Refreshing native plugins compatible for Editor in 0.43 ms, found 0 plugins.
Preloading 0 native plugins for Editor in 0.00 ms.
Unloading 1119 Unused Serialized files (Serialized files now loaded: 0)
System memory in use before: 57.2 MB.
System memory in use after: 57.3 MB.

Unloading 4 unused Assets to reduce memory usage. Loaded Objects now: 1607.
Total: 3.641300 ms (FindLiveObjects: 0.362000 ms CreateObjectMapping: 0.253300 ms MarkObjects: 2.994500 ms  DeleteObjects: 0.028100 ms)

========================================================================
Received Import Request.
  Time since last request: 72.423239 seconds.
  path: Assets/Scripts/Platform/EndPlatform.cs
  artifactKey: Guid(30d6b6721b84cc7408b07d43f9a31a7e) Importer(815301076,1909f56bfc062723c751e8b465ee728b)
Start importing Assets/Scripts/Platform/EndPlatform.cs using Guid(30d6b6721b84cc7408b07d43f9a31a7e) Importer(815301076,1909f56bfc062723c751e8b465ee728b)  -> (artifact id: '4d9796e599a38e997e43ac0096a66948') in 0.018221 seconds
  Import took 0.023940 seconds .

========================================================================
Received Prepare
Registering precompiled user dll's ...
Registered in 0.004369 seconds.
Begin MonoManager ReloadAssembly
Native extension for WindowsStandalone target not found
Refreshing native plugins compatible for Editor in 0.54 ms, found 0 plugins.
Preloading 0 native plugins for Editor in 0.00 ms.
Invoked RoslynAnalysisRunner static constructor.
RoslynAnalysisRunner will not be running.
RoslynAnalysisRunner has terminated.
Mono: successfully reloaded assembly
- Completed reload, in  3.146 seconds
Platform modules already initialized, skipping
Refreshing native plugins compatible for Editor in 0.35 ms, found 0 plugins.
Preloading 0 native plugins for Editor in 0.00 ms.
Unloading 1119 Unused Serialized files (Serialized files now loaded: 0)
System memory in use before: 57.2 MB.
System memory in use after: 57.3 MB.

Unloading 4 unused Assets to reduce memory usage. Loaded Objects now: 1610.
Total: 3.985000 ms (FindLiveObjects: 0.373300 ms CreateObjectMapping: 0.452800 ms MarkObjects: 3.128800 ms  DeleteObjects: 0.027700 ms)

========================================================================
Received Import Request.
  Time since last request: 162.714068 seconds.
  path: Assets/Materials/Probne/EndPlatform.mat
  artifactKey: Guid(eae9323bd861f5a40b70174627a9ed89) Importer(815301076,1909f56bfc062723c751e8b465ee728b)
Start importing Assets/Materials/Probne/EndPlatform.mat using Guid(eae9323bd861f5a40b70174627a9ed89) Importer(815301076,1909f56bfc062723c751e8b465ee728b)  -> (artifact id: 'c54096c0a09aa976bd204c52964ecbac') in 0.124312 seconds
  Import took 0.126811 seconds .

========================================================================
Received Import Request.
  Time since last request: 0.000367 seconds.
  path: Assets/Materials/Probne/New Material 1.mat
  artifactKey: Guid(d72d5080f336f1f4380573cd0bec80b6) Importer(815301076,1909f56bfc062723c751e8b465ee728b)
Start importing Assets/Materials/Probne/New Material 1.mat using Guid(d72d5080f336f1f4380573cd0bec80b6) Importer(815301076,1909f56bfc062723c751e8b465ee728b)  -> (artifact id: '3b407317f3c67db571ecd7b08661601a') in 0.017846 seconds
  Import took 0.021385 seconds .

========================================================================
Received Import Request.
  Time since last request: 0.000362 seconds.
  path: Assets/Materials/Probne/New Material.mat
  artifactKey: Guid(c7b712ad0511ca3409b3ebb6195d8aa0) Importer(815301076,1909f56bfc062723c751e8b465ee728b)
Start importing Assets/Materials/Probne/New Material.mat using Guid(c7b712ad0511ca3409b3ebb6195d8aa0) Importer(815301076,1909f56bfc062723c751e8b465ee728b)  -> (artifact id: 'd623969b5a57de7503d13e99d35a4fdc') in 0.181969 seconds
  Import took 0.184980 seconds .

========================================================================
Received Import Request.
  Time since last request: 0.000327 seconds.
  path: Assets/Materials/Probne/StarupPlatform.mat
  artifactKey: Guid(bba5ce8ef4389ed45b0371290187e09f) Importer(815301076,1909f56bfc062723c751e8b465ee728b)
Start importing Assets/Materials/Probne/StarupPlatform.mat using Guid(bba5ce8ef4389ed45b0371290187e09f) Importer(815301076,1909f56bfc062723c751e8b465ee728b)  -> (artifact id: '46f59db45a70051cae46f569767dedd1') in 0.016819 seconds
  Import took 0.019905 seconds .

========================================================================
Received Import Request.
  Time since last request: 16.025418 seconds.
  path: Assets/Materials/Probne/New Material 2.mat
  artifactKey: Guid(cfb116b0092d9e147bee6c7f230dec64) Importer(815301076,1909f56bfc062723c751e8b465ee728b)
Start importing Assets/Materials/Probne/New Material 2.mat using Guid(cfb116b0092d9e147bee6c7f230dec64) Importer(815301076,1909f56bfc062723c751e8b465ee728b)  -> (artifact id: 'a8670c10d36f004ce69308b6e76be386') in 0.014775 seconds
  Import took 0.018535 seconds .

AssetImportWorkerClient::OnTransportError - code=2 error=End of file
