Using pre-set license
Built from '2020.3/release' branch; Version is '2020.3.2f1 (8fd9074bf66c) revision 9427207'; Using compiler version '192528614'; Build Type 'Release'
OS: 'Windows 10 Home; OS build 19042.1348; Version 2009; 64bit' Language: 'pl' Physical Memory: 8048 MB
BatchMode: 1, IsHumanControllingUs: 0, StartBugReporterOnCrash: 0, Is64bit: 1, IsPro: 0

 COMMAND LINE ARGUMENTS:
C:\Program Files\Unity\Hub\Editor\2020.3.2f1\Editor\Unity.exe
-adb2
-batchMode
-noUpm
-name
AssetImportWorker0
-projectPath
C:/Users/USER2/Desktop/ROPE/PhysicalRope-main/PhysicalRope-main
-logFile
Logs/AssetImportWorker0.log
-srvPort
65425
Successfully changed project path to: C:/Users/USER2/Desktop/ROPE/PhysicalRope-main/PhysicalRope-main
C:/Users/USER2/Desktop/ROPE/PhysicalRope-main/PhysicalRope-main
Using Asset Import Pipeline V2.
Refreshing native plugins compatible for Editor in 56.51 ms, found 0 plugins.
Preloading 0 native plugins for Editor in 0.00 ms.
Initialize engine version: 2020.3.2f1 (8fd9074bf66c)
[Subsystems] Discovering subsystems at path C:/Program Files/Unity/Hub/Editor/2020.3.2f1/Editor/Data/Resources/UnitySubsystems
[Subsystems] Discovering subsystems at path C:/Users/USER2/Desktop/ROPE/PhysicalRope-main/PhysicalRope-main/Assets
GfxDevice: creating device client; threaded=0
Direct3D:
    Version:  Direct3D 11.0 [level 11.1]
    Renderer: NVIDIA GeForce MX150 (ID=0x1d10)
    Vendor:   
    VRAM:     1983 MB
    Driver:   27.21.14.5167
Initialize mono
Mono path[0] = 'C:/Program Files/Unity/Hub/Editor/2020.3.2f1/Editor/Data/Managed'
Mono path[1] = 'C:/Program Files/Unity/Hub/Editor/2020.3.2f1/Editor/Data/MonoBleedingEdge/lib/mono/unityjit'
Mono config path = 'C:/Program Files/Unity/Hub/Editor/2020.3.2f1/Editor/Data/MonoBleedingEdge/etc'
Using monoOptions --debugger-agent=transport=dt_socket,embedding=1,server=y,suspend=n,address=127.0.0.1:56116
Begin MonoManager ReloadAssembly
Registering precompiled unity dll's ...
Register platform support module: C:/Program Files/Unity/Hub/Editor/2020.3.2f1/Editor/Data/PlaybackEngines/WindowsStandaloneSupport/UnityEditor.WindowsStandalone.Extensions.dll
Registered in 0.004569 seconds.
Native extension for WindowsStandalone target not found
Refreshing native plugins compatible for Editor in 51.47 ms, found 0 plugins.
Preloading 0 native plugins for Editor in 0.00 ms.
Invoked RoslynAnalysisRunner static constructor.
RoslynAnalysisRunner will not be running.
RoslynAnalysisRunner has terminated.
Mono: successfully reloaded assembly
- Completed reload, in  3.973 seconds
Platform modules already initialized, skipping
Registering precompiled user dll's ...
Registered in 0.001428 seconds.
Begin MonoManager ReloadAssembly
Native extension for WindowsStandalone target not found
Refreshing native plugins compatible for Editor in 0.29 ms, found 0 plugins.
Preloading 0 native plugins for Editor in 0.00 ms.
Invoked RoslynAnalysisRunner static constructor.
RoslynAnalysisRunner will not be running.
RoslynAnalysisRunner has terminated.
Mono: successfully reloaded assembly
- Completed reload, in  1.309 seconds
Platform modules already initialized, skipping
========================================================================
Worker process is ready to serve import requests
Launched and connected shader compiler UnityShaderCompiler.exe after 0.07 seconds
Refreshing native plugins compatible for Editor in 0.30 ms, found 0 plugins.
Preloading 0 native plugins for Editor in 0.00 ms.
Unloading 1274 Unused Serialized files (Serialized files now loaded: 0)
System memory in use before: 62.9 MB.
System memory in use after: 63.0 MB.

Unloading 10 unused Assets to reduce memory usage. Loaded Objects now: 1722.
Total: 3.035100 ms (FindLiveObjects: 0.349700 ms CreateObjectMapping: 0.256600 ms MarkObjects: 2.337300 ms  DeleteObjects: 0.089800 ms)

========================================================================
Received Import Request.
  path: Assets/Scripts/Rope/JointConfiguration.asset
  artifactKey: Guid(00571216db27aa949951af2a28351a05) Importer(815301076,1909f56bfc062723c751e8b465ee728b)
Start importing Assets/Scripts/Rope/JointConfiguration.asset using Guid(00571216db27aa949951af2a28351a05) Importer(815301076,1909f56bfc062723c751e8b465ee728b)  -> (artifact id: 'a8a4bb0ad87d90f5e686d52ed266ece7') in 0.089936 seconds
  Import took 0.092740 seconds .

========================================================================
Received Import Request.
  Time since last request: 10.033084 seconds.
  path: Assets/Scripts/Rope/JointSetup.cs
  artifactKey: Guid(2136214a7c4279c4f883b684539b3720) Importer(815301076,1909f56bfc062723c751e8b465ee728b)
Start importing Assets/Scripts/Rope/JointSetup.cs using Guid(2136214a7c4279c4f883b684539b3720) Importer(815301076,1909f56bfc062723c751e8b465ee728b)  -> (artifact id: 'ae86855212ccecaa030d2338129814e5') in 0.018713 seconds
  Import took 0.021337 seconds .

========================================================================
Received Import Request.
  Time since last request: 474.694885 seconds.
  path: Assets/Scripts/ObstaclesGenerator.cs
  artifactKey: Guid(6be495c309ccf2f48844e4386c7f28f7) Importer(815301076,1909f56bfc062723c751e8b465ee728b)
Start importing Assets/Scripts/ObstaclesGenerator.cs using Guid(6be495c309ccf2f48844e4386c7f28f7) Importer(815301076,1909f56bfc062723c751e8b465ee728b)  -> (artifact id: '4301b541f62b486b7df0253ca191022a') in 0.010355 seconds
  Import took 0.013421 seconds .

========================================================================
Received Import Request.
  Time since last request: 0.001342 seconds.
  path: Assets/Scripts/ObstaclesGenerator.cs
  artifactKey: Guid(6be495c309ccf2f48844e4386c7f28f7) Importer(815301076,1909f56bfc062723c751e8b465ee728b)
Start importing Assets/Scripts/ObstaclesGenerator.cs using Guid(6be495c309ccf2f48844e4386c7f28f7) Importer(815301076,1909f56bfc062723c751e8b465ee728b)  -> (artifact id: '4301b541f62b486b7df0253ca191022a') in 0.004392 seconds
  Import took 0.007190 seconds .

========================================================================
Received Prepare
Registering precompiled user dll's ...
Registered in 0.010342 seconds.
Begin MonoManager ReloadAssembly
Native extension for WindowsStandalone target not found
Refreshing native plugins compatible for Editor in 0.44 ms, found 0 plugins.
Preloading 0 native plugins for Editor in 0.00 ms.
Invoked RoslynAnalysisRunner static constructor.
RoslynAnalysisRunner will not be running.
RoslynAnalysisRunner has terminated.
Mono: successfully reloaded assembly
- Completed reload, in  2.365 seconds
Platform modules already initialized, skipping
Refreshing native plugins compatible for Editor in 0.36 ms, found 0 plugins.
Preloading 0 native plugins for Editor in 0.00 ms.
Unloading 1266 Unused Serialized files (Serialized files now loaded: 0)
System memory in use before: 62.7 MB.
System memory in use after: 62.8 MB.

Unloading 5 unused Assets to reduce memory usage. Loaded Objects now: 1725.
Total: 7.873500 ms (FindLiveObjects: 1.919500 ms CreateObjectMapping: 0.536200 ms MarkObjects: 5.366700 ms  DeleteObjects: 0.043800 ms)

AssetImportWorkerClient::OnTransportError - code=2 error=End of file
